C51 COMPILER V9.60.7.0   ADC                                                               11/29/2024 16:35:18 PAGE 1   


C51 COMPILER V9.60.7.0, COMPILATION OF MODULE ADC
OBJECT MODULE PLACED IN ..\Output\adc.obj
COMPILER INVOKED BY: D:\APP\Keil_v5\C51\BIN\C51.EXE ..\Core\Src\adc.c LARGE OPTIMIZE(8,SPEED) BROWSE INCDIR(..\Drivers;.
                    -.\BSP\Inc;..\Core\Inc;..\Emembed\Inc;..\Middlewares;..\SYSTEM) DEBUG OBJECTEXTEND PRINT(.\Listings\adc.lst) OBJECT(..\Ou
                    -tput\adc.obj)

line level    source

   1          #include "adc.h"
   2          
   3          #define ADC_POWER   0x80            //ADC电源控制位
   4          #define ADC_SPEED0  0x20            //360个时钟
   5          #define ADC_START   0x08            //ADC起始控制位
   6          #define ADC_FLAG    0x10            //ADC完成标志
   7          
   8          /**
   9           * @brief ADC Init
  10           *
  11           * @param[in] 
  12           * 
  13           * @return  NULL
  14           * 
  15           * */
  16          
  17          void ADCInit( void )
  18          {       
  19   1          P1ASF = 0x27;                   
  20   1          ADC_RES = 0;                    
  21   1          ADC_RESL=0;
  22   1          ADC_CONTR = ADC_POWER | ADC_SPEED0;
  23   1      }
  24          
  25          /**
  26           * @brief ADC口检测AD转换值函数
  27           *
  28           * @param[in] channel_x：ADC检测通道 
  29           * 
  30           * @return  ADC value ： 12bit（ H-4 L-8）
  31           * 
  32           * */
  33          
  34          uint16_t Get_ADC12bitResult( uint8_t channel_x )        
  35          {
  36   1          uint16_t adc_value = 0;
  37   1          /* 1, 启动ADC转换                           */
  38   1          ADC_CONTR |= (ADC_POWER | ADC_SPEED0 | ADC_START | (channel_x-1)); 
  39   1      
  40   1          /* 2, 等待ADC转换完成                       */
  41   1          while (!(ADC_CONTR & ADC_FLAG));  
  42   1          ADC_CONTR &= ~ADC_FLAG; 
  43   1      
  44   1          /* 3, 赋值给 adc_value 作为返回值           */
  45   1          adc_value  = ADC_RESL;
  46   1          adc_value |= (ADC_RES << 2);
  47   1      
  48   1          return adc_value;
  49   1      }
  50          
  51          
  52          

C51 COMPILER V9.60.7.0   ADC                                                               11/29/2024 16:35:18 PAGE 2   


MODULE INFORMATION:   STATIC OVERLAYABLE
   CODE SIZE        =     50    ----
   CONSTANT SIZE    =   ----    ----
   XDATA SIZE       =   ----    ----
   PDATA SIZE       =   ----    ----
   DATA SIZE        =   ----    ----
   IDATA SIZE       =   ----    ----
   BIT SIZE         =   ----    ----
END OF MODULE INFORMATION.


C51 COMPILATION COMPLETE.  0 WARNING(S),  0 ERROR(S)
