C51 COMPILER V9.60.7.0   EEPROM                                                            11/29/2024 16:35:19 PAGE 1   


C51 COMPILER V9.60.7.0, COMPILATION OF MODULE EEPROM
OBJECT MODULE PLACED IN ..\Output\eeprom.obj
COMPILER INVOKED BY: D:\APP\Keil_v5\C51\BIN\C51.EXE ..\Core\Src\eeprom.c LARGE OPTIMIZE(8,SPEED) BROWSE INCDIR(..\Driver
                    -s;..\BSP\Inc;..\Core\Inc;..\Emembed\Inc;..\Middlewares;..\SYSTEM) DEBUG OBJECTEXTEND PRINT(.\Listings\eeprom.lst) OBJECT
                    -(..\Output\eeprom.obj)

line level    source

   1          #include "eeprom.h"
   2          
   3          void ISPIdle( void )
   4          {
   5   1          IAP_CONTR = 0X00;
   6   1          IAP_CMD = 0X00;
   7   1          IAP_TRIG = 0X00;
   8   1          IAP_ADDRH = 0X80;
   9   1          IAP_ADDRL = 0X00; 
  10   1      }
  11          
  12          uint8_t ISP_read( uint16_t addr )
  13          {
  14   1          uint8_t dat;
  15   1          
  16   1          IAP_CONTR = 0X83;
  17   1          IAP_CMD = 0X01;
  18   1          IAP_ADDRL = addr;
  19   1          IAP_ADDRH = addr>>8;
  20   1          
  21   1          IAP_TRIG = 0X5A;
  22   1          IAP_TRIG = 0XA5;
  23   1          delay_ms(10);
  24   1          
  25   1          dat = IAP_DATA;
  26   1          
  27   1          ISPIdle();
  28   1          
  29   1          return dat;
  30   1      }
  31          
  32          void ISP_write( uint16_t addr, uint8_t dat )
  33          {
  34   1          IAP_CONTR = 0X83;
  35   1          IAP_CMD = 0X02;
  36   1          IAP_ADDRL = addr;
  37   1          IAP_ADDRH = addr>>8;
  38   1          IAP_DATA = dat;
  39   1          
  40   1          IAP_TRIG = 0X5A;
  41   1          IAP_TRIG = 0XA5;
  42   1          delay_ms(10);
  43   1          
  44   1          ISPIdle();
  45   1      }
  46          
  47          void ISP_earse( uint16_t addr )
  48          {   
  49   1          IAP_CONTR = 0X83;   //  WT2:WT1:WT0 = 0 1 1  CPU等待时间>=12MHz
  50   1          IAP_CMD = 0X03;
  51   1          IAP_ADDRL = addr;
  52   1          IAP_ADDRH = addr>>8;
  53   1          
C51 COMPILER V9.60.7.0   EEPROM                                                            11/29/2024 16:35:19 PAGE 2   

  54   1          IAP_TRIG = 0X5A;
  55   1          IAP_TRIG = 0XA5;  
  56   1          delay_ms(10);
  57   1          
  58   1          ISPIdle();
  59   1      }
  60          


MODULE INFORMATION:   STATIC OVERLAYABLE
   CODE SIZE        =    100    ----
   CONSTANT SIZE    =   ----    ----
   XDATA SIZE       =   ----    ----
   PDATA SIZE       =   ----    ----
   DATA SIZE        =   ----    ----
   IDATA SIZE       =   ----    ----
   BIT SIZE         =   ----    ----
END OF MODULE INFORMATION.


C51 COMPILATION COMPLETE.  0 WARNING(S),  0 ERROR(S)
