C51 COMPILER V9.60.7.0   EEPROM_READ_WRITE                                                 11/29/2024 16:35:20 PAGE 1   


C51 COMPILER V9.60.7.0, COMPILATION OF MODULE EEPROM_READ_WRITE
OBJECT MODULE PLACED IN ..\Output\eeprom_read_write.obj
COMPILER INVOKED BY: D:\APP\Keil_v5\C51\BIN\C51.EXE ..\Emembed\Src\eeprom_read_write.c LARGE OPTIMIZE(8,SPEED) BROWSE IN
                    -CDIR(..\Drivers;..\BSP\Inc;..\Core\Inc;..\Emembed\Inc;..\Middlewares;..\SYSTEM) DEBUG OBJECTEXTEND PRINT(.\Listings\eepr
                    -om_read_write.lst) OBJECT(..\Output\eeprom_read_write.obj)

line level    source

   1          #include "eeprom_read_write.h"
   2          
   3          uint8_t channel_num = 1;
   4          uint8_t sync_bit = 0;
   5          uint8_t wind_num = 0;
   6          uint8_t power_num = 0;
   7          uint8_t temp_num = 0;
   8          
   9          void eeprom_mode_save()
  10          {
  11   1          uint16_t addr = 0x0000;
  12   1          
  13   1          ISP_earse(addr);
  14   1          ISP_write(addr,mode_num);  
*** ERROR C202 IN LINE 14 OF ..\Emembed\Src\eeprom_read_write.c: 'mode_num': undefined identifier
  15   1          
  16   1          buzzer=buzzer_bit=0;
*** ERROR C202 IN LINE 16 OF ..\Emembed\Src\eeprom_read_write.c: 'buzzer': undefined identifier
  17   1      }
  18          
  19          void eeprom_data_write()
  20          {
  21   1          uint8_t i;
  22   1          uint16_t addr;
  23   1          
  24   1          mode_info[0] = channel_num;         //ÈÄöÈÅì
*** ERROR C202 IN LINE 24 OF ..\Emembed\Src\eeprom_read_write.c: 'mode_info': undefined identifier
  25   1          mode_info[1] = sync_bit;           //ÂêåÊ≠•Ê†áÂøó‰Ωç
*** ERROR C202 IN LINE 25 OF ..\Emembed\Src\eeprom_read_write.c: 'mode_info': undefined identifier
  26   1          mode_info[2] = wind_num;            //È£éÂäõ
*** ERROR C202 IN LINE 26 OF ..\Emembed\Src\eeprom_read_write.c: 'mode_info': undefined identifier
  27   1          mode_info[3] = power_num;           //ÂäüÁéá
*** ERROR C202 IN LINE 27 OF ..\Emembed\Src\eeprom_read_write.c: 'mode_info': undefined identifier
  28   1          mode_info[4] = temp_num;            //Ê∏©Â∫¶
*** ERROR C202 IN LINE 28 OF ..\Emembed\Src\eeprom_read_write.c: 'mode_info': undefined identifier
  29   1      
  30   1          addr = (mode_num * 2)<<8;
*** ERROR C202 IN LINE 30 OF ..\Emembed\Src\eeprom_read_write.c: 'mode_num': undefined identifier
  31   1          
  32   1          ISP_earse(addr);
  33   1          
  34   1          for(i=0;i<5;i++)
  35   1          {
  36   2              ISP_write(addr,mode_info[i]);
*** ERROR C202 IN LINE 36 OF ..\Emembed\Src\eeprom_read_write.c: 'mode_info': undefined identifier
  37   2              addr++;
  38   2          }
  39   1          
  40   1          buzzer=buzzer_bit=0;
*** ERROR C202 IN LINE 40 OF ..\Emembed\Src\eeprom_read_write.c: 'buzzer': undefined identifier
  41   1      }
  42          
  43          void ISP_data_init()
C51 COMPILER V9.60.7.0   EEPROM_READ_WRITE                                                 11/29/2024 16:35:20 PAGE 2   

  44          {
  45   1          mode_num = ISP_read(0x0000);
*** ERROR C202 IN LINE 45 OF ..\Emembed\Src\eeprom_read_write.c: 'mode_num': undefined identifier
  46   1          eeprom_data_read(mode_num);
*** ERROR C202 IN LINE 46 OF ..\Emembed\Src\eeprom_read_write.c: 'mode_num': undefined identifier
  47   1          
  48   1          sun_dis(power_bit);
*** ERROR C202 IN LINE 48 OF ..\Emembed\Src\eeprom_read_write.c: 'power_bit': undefined identifier
  49   1          percentage_dis(DIS_ON);   
*** ERROR C202 IN LINE 49 OF ..\Emembed\Src\eeprom_read_write.c: 'DIS_ON': undefined identifier
  50   1          sync_dis(sync_bit);
  51   1          num_dis(power_num);
  52   1          channel_dis(channel_num);
  53   1          wind_dis(wind_num);          //Âà∑Êñ∞ÁïåÈù¢ÔºöÂä†ÁÉ≠Á¨¶Âè∑„ÄÅÈÄöÈÅì„ÄÅÂäüÁéá„ÄÅÁôæÂàÜÊØî„ÄÅÈ£éÂäõ„ÄÅÂê
             -åÊ≠•Ê†áÂøó
  54   1          
  55   1          sync_judge();               //Âà§Êñ≠ÂêåÊ≠•Áä∂ÊÄÅ
  56   1      }
  57          
  58          void eeprom_data_read(uint8_t mode)     
  59          {
  60   1          uint8_t i;
  61   1          uint16_t addr;
  62   1          
  63   1          addr = (mode * 2)<<8;
  64   1          for(i=0;i<5;i++)
  65   1          {
  66   2              mode_info[i] = ISP_read(addr);
  67   2              addr++;
  68   2          }
  69   1          
  70   1          channel_num = mode_info[0];
  71   1          sync_bit = mode_info[1];
  72   1          wind_num = mode_info[2];
  73   1          power_num = mode_info[3];
  74   1          temp_num = mode_info[4];//ËØªÂèñchannel_num„ÄÅsync_bit„ÄÅwind_num„ÄÅpower_num„ÄÅtemp_num
  75   1      }
  76              

C51 COMPILATION COMPLETE.  0 WARNING(S),  14 ERROR(S)
