C51 COMPILER V9.60.7.0   INTERRUPT                                                         11/29/2024 16:35:19 PAGE 1   


C51 COMPILER V9.60.7.0, COMPILATION OF MODULE INTERRUPT
OBJECT MODULE PLACED IN ..\Output\interrupt.obj
COMPILER INVOKED BY: D:\APP\Keil_v5\C51\BIN\C51.EXE ..\BSP\Src\interrupt.c LARGE OPTIMIZE(8,SPEED) BROWSE INCDIR(..\Driv
                    -ers;..\BSP\Inc;..\Core\Inc;..\Emembed\Inc;..\Middlewares;..\SYSTEM) DEBUG OBJECTEXTEND PRINT(.\Listings\interrupt.lst) O
                    -BJECT(..\Output\interrupt.obj)

line level    source

   1          #include "interrupt.h"
   2          
   3          static bit zero_flag = 0;       //外部中断（过零检测）et0响应flag 响应赋值为1
   4          uint16_t phase_shift_time = 58400;
   5          uint8_t key_val = 0;
   6          
   7          void Uart1Isr() interrupt 4 
   8          {   
   9   1          if(TI == 1)
  10   1          {
  11   2              TI = 0;
  12   2              busy_bit = 0;
*** ERROR C202 IN LINE 12 OF ..\BSP\Src\interrupt.c: 'busy_bit': undefined identifier
  13   2          }
  14   1          
  15   1          if(RI == 1)
  16   1          {
  17   2              RI = 0;
  18   2          }
  19   1      }
  20          
  21          void ET0ISR(void) interrupt 0 
  22          {
  23   1          tempchannel1 = tempchannel2 = tempchannel3 = 1;    
*** ERROR C202 IN LINE 23 OF ..\BSP\Src\interrupt.c: 'tempchannel1': undefined identifier
  24   1          /*延时移相                  */
  25   1          TL1 = TIM1;                         //设置定时初始值
*** ERROR C202 IN LINE 25 OF ..\BSP\Src\interrupt.c: 'TIM1': undefined identifier
  26   1              TH1 = TIM1>>8;                          //设置定时初始值
*** ERROR C202 IN LINE 26 OF ..\BSP\Src\interrupt.c: 'TIM1': undefined identifier
  27   1      
  28   1          zero_flag = 1;
  29   1          
  30   1          TR1 = 1;                            //定时器1开始计时      
  31   1          ET1 = 1; 
  32   1      }
  33          
  34          void Tim1Isr(void) interrupt 3 
  35          {
  36   1      
  37   1          if((zero_flag == 1)&&(power_bit == 1))
*** ERROR C202 IN LINE 37 OF ..\BSP\Src\interrupt.c: 'power_bit': undefined identifier
  38   1          {
  39   2              switch(channel_num)
*** ERROR C202 IN LINE 39 OF ..\BSP\Src\interrupt.c: 'channel_num': undefined identifier
  40   2              {
  41   3                  case 1: {tempchannel1=0; tempchannel2=1; tempchannel3=1;}break;
*** ERROR C202 IN LINE 41 OF ..\BSP\Src\interrupt.c: 'tempchannel1': undefined identifier
*** ERROR C202 IN LINE 41 OF ..\BSP\Src\interrupt.c: 'tempchannel2': undefined identifier
*** ERROR C202 IN LINE 41 OF ..\BSP\Src\interrupt.c: 'tempchannel3': undefined identifier
  42   3                  case 2: {tempchannel1=1; tempchannel2=0; tempchannel3=1;}break;
*** ERROR C202 IN LINE 42 OF ..\BSP\Src\interrupt.c: 'tempchannel1': undefined identifier
*** ERROR C202 IN LINE 42 OF ..\BSP\Src\interrupt.c: 'tempchannel2': undefined identifier
C51 COMPILER V9.60.7.0   INTERRUPT                                                         11/29/2024 16:35:19 PAGE 2   

*** ERROR C202 IN LINE 42 OF ..\BSP\Src\interrupt.c: 'tempchannel3': undefined identifier
  43   3                  case 3: {tempchannel1=1; tempchannel2=1; tempchannel3=0;}break;
*** ERROR C202 IN LINE 43 OF ..\BSP\Src\interrupt.c: 'tempchannel1': undefined identifier
*** ERROR C202 IN LINE 43 OF ..\BSP\Src\interrupt.c: 'tempchannel2': undefined identifier
*** ERROR C202 IN LINE 43 OF ..\BSP\Src\interrupt.c: 'tempchannel3': undefined identifier
  44   3                  case 4: {tempchannel1=0; tempchannel2=0; tempchannel3=1;}break;
*** ERROR C202 IN LINE 44 OF ..\BSP\Src\interrupt.c: 'tempchannel1': undefined identifier
*** ERROR C202 IN LINE 44 OF ..\BSP\Src\interrupt.c: 'tempchannel2': undefined identifier
*** ERROR C202 IN LINE 44 OF ..\BSP\Src\interrupt.c: 'tempchannel3': undefined identifier
  45   3                  case 5: {tempchannel1=1; tempchannel2=0; tempchannel3=0;}break;
*** ERROR C202 IN LINE 45 OF ..\BSP\Src\interrupt.c: 'tempchannel1': undefined identifier
*** ERROR C202 IN LINE 45 OF ..\BSP\Src\interrupt.c: 'tempchannel2': undefined identifier
*** ERROR C202 IN LINE 45 OF ..\BSP\Src\interrupt.c: 'tempchannel3': undefined identifier
  46   3                  case 6: {tempchannel1=0; tempchannel2=1; tempchannel3=0;}break;
*** ERROR C202 IN LINE 46 OF ..\BSP\Src\interrupt.c: 'tempchannel1': undefined identifier
*** ERROR C202 IN LINE 46 OF ..\BSP\Src\interrupt.c: 'tempchannel2': undefined identifier
*** ERROR C202 IN LINE 46 OF ..\BSP\Src\interrupt.c: 'tempchannel3': undefined identifier
  47   3                  case 7: {tempchannel1=0; tempchannel2=0; tempchannel3=0;}break;
*** ERROR C202 IN LINE 47 OF ..\BSP\Src\interrupt.c: 'tempchannel1': undefined identifier
*** ERROR C202 IN LINE 47 OF ..\BSP\Src\interrupt.c: 'tempchannel2': undefined identifier
*** ERROR C202 IN LINE 47 OF ..\BSP\Src\interrupt.c: 'tempchannel3': undefined identifier
  48   3              }
  49   2                  /*1.发送一个10us的脉冲                */
  50   2                  zero_flag = 0; 
  51   2      
  52   2                  TL1 = 0xF7;                         
  53   2                  TH1 = 0xFF;                         //10ms脉冲
  54   2          }
  55   1        
  56   1          else
  57   1          {
  58   2              tempchannel1 = tempchannel2 = tempchannel3 = 1;     //1-0-1的脉冲 2us
*** ERROR C202 IN LINE 58 OF ..\BSP\Src\interrupt.c: 'tempchannel1': undefined identifier
  59   2              TR1 = 0;                                   
  60   2              ET1 = 0;                  //定时器关闭计时   
  61   2          }
  62   1      }
  63          
  64          void Tim0Isr( void ) interrupt 1   //10ms
  65          {
  66   1          static uint8_t buzzer_continue_cnt = 0;
  67   1          static uint8_t fan_rotate_cnt      = 0;
  68   1          static uint8_t temp_blink_cnt      = 0;
  69   1          static uint8_t key_sacn_cnt        = 0;
  70   1          static uint8_t key3_longpress_cnt  = 0;     
  71   1          static uint8_t key5_longpress_cnt  = 0;
  72   1      
  73   1          /*1.蜂鸣器短暂鸣叫                          */
  74   1          if( buzzer_bit == 0 )
*** ERROR C202 IN LINE 74 OF ..\BSP\Src\interrupt.c: 'buzzer_bit': undefined identifier
  75   1          {
  76   2              buzzer_continue_cnt++;
  77   2              if( buzzer_continue_cnt > 10 )
  78   2              {
  79   3                  buzzer_continue_cnt = 0; 
  80   3                  buzzer = buzzer_bit = 1;
*** ERROR C202 IN LINE 80 OF ..\BSP\Src\interrupt.c: 'buzzer_bit': undefined identifier
  81   3              }
  82   2          } 
  83   1          /*2.风扇扇叶交替 旋转效果                    */
  84   1          fan_rotate_cnt++;
  85   1          if( fan_rotate_cnt > 15 )
C51 COMPILER V9.60.7.0   INTERRUPT                                                         11/29/2024 16:35:19 PAGE 3   

  86   1          {
  87   2              fan_rotate_flag = ~fan_rotate_flag;
*** ERROR C202 IN LINE 87 OF ..\BSP\Src\interrupt.c: 'fan_rotate_flag': undefined identifier
  88   2              fan_rotate_cnt = 0;
  89   2          }
  90   1      
  91   1          /*3.设定预加热温度时 数字闪烁效果             */
  92   1          temp_blink_cnt++;
  93   1          if( temp_blink_cnt > 50 )
  94   1          {
  95   2              temp_blink_flag = ~temp_blink_flag;
*** ERROR C202 IN LINE 95 OF ..\BSP\Src\interrupt.c: 'temp_blink_flag': undefined identifier
  96   2              temp_blink_cnt = 0;
  97   2          }
  98   1      
  99   1          /*4.监听P07脚状态 0：24V接入 1：24V断开      */
 100   1          if ( external24 == 0 )
 101   1          {
 102   2              external24_flag = 1;  
*** ERROR C202 IN LINE 102 OF ..\BSP\Src\interrupt.c: 'external24_flag': undefined identifier
 103   2          }
 104   1          else
 105   1          {
 106   2              external24_flag = 0;
*** ERROR C202 IN LINE 106 OF ..\BSP\Src\interrupt.c: 'external24_flag': undefined identifier
 107   2          }
 108   1      
 109   1          /*5.100ms扫描一次按键                        */
 110   1          if( key_scan_stop_flag == 1 )
*** ERROR C202 IN LINE 110 OF ..\BSP\Src\interrupt.c: 'key_scan_stop_flag': undefined identifier
 111   1          {
 112   2              key_sacn_cnt++;
 113   2              if( key_sacn_cnt > 10 )
 114   2              {
 115   3                  key_scan_start_flag = 1;
*** ERROR C202 IN LINE 115 OF ..\BSP\Src\interrupt.c: 'key_scan_start_flag': undefined identifier
 116   3                  key_scan_stop_flag  = 0;
*** ERROR C202 IN LINE 116 OF ..\BSP\Src\interrupt.c: 'key_scan_stop_flag': undefined identifier
 117   3                  key_sacn_cnt = 0;
 118   3              }
 119   2          }
 120   1      
 121   1          /*6.key3-channelchoose键 长按后防止误触           */
 122   1          if( key3_longpress_flag == 1 )
*** ERROR C202 IN LINE 122 OF ..\BSP\Src\interrupt.c: 'key3_longpress_flag': undefined identifier
 123   1          {
 124   2              key3_longpress_cnt++;
 125   2              if(key3_longpress_cnt>150)
 126   2              {
 127   3                  key3_longpress_flag = 0;
*** ERROR C202 IN LINE 127 OF ..\BSP\Src\interrupt.c: 'key3_longpress_flag': undefined identifier
 128   3                  key3_longpress_cnt = 0;
 129   3              }
 130   2          }
 131   1      
 132   1          /*7.key5-modechoose键 长按后防止误触           */
 133   1          if( key5_longpress_flag == 1 )
*** ERROR C202 IN LINE 133 OF ..\BSP\Src\interrupt.c: 'key5_longpress_flag': undefined identifier
 134   1          {
 135   2              key5_longpress_cnt++;
 136   2              if(key5_longpress_cnt>150)
 137   2              {
C51 COMPILER V9.60.7.0   INTERRUPT                                                         11/29/2024 16:35:19 PAGE 4   

 138   3                  key5_longpress_flag = 0;
*** ERROR C202 IN LINE 138 OF ..\BSP\Src\interrupt.c: 'key5_longpress_flag': undefined identifier
 139   3                  key5_longpress_cnt = 0;
 140   3              }
 141   2          }
 142   1      }
 143          
 144          void Tim3Isr(void) interrupt 19 
 145          {
 146   1          static uint8_t touch_identify_cnt = 0;
 147   1      
 148   1          /*1.50ms 初始化一次按键                        */
 149   1          touch_identify_cnt++;
 150   1          if(touch_identify_cnt>5)
 151   1          {
 152   2              touch_identify_cnt=0; 
 153   2              key_val = ( P0 & 0X0f );
 154   2          }
 155   1      }
 156          
 157          

C51 COMPILATION COMPLETE.  0 WARNING(S),  41 ERROR(S)
