C51 COMPILER V9.60.7.0   LED                                                               11/29/2024 16:35:19 PAGE 1   


C51 COMPILER V9.60.7.0, COMPILATION OF MODULE LED
OBJECT MODULE PLACED IN ..\Output\led.obj
COMPILER INVOKED BY: D:\APP\Keil_v5\C51\BIN\C51.EXE ..\BSP\Src\led.c LARGE OPTIMIZE(8,SPEED) BROWSE INCDIR(..\Drivers;..
                    -\BSP\Inc;..\Core\Inc;..\Emembed\Inc;..\Middlewares;..\SYSTEM) DEBUG OBJECTEXTEND PRINT(.\Listings\led.lst) OBJECT(..\Out
                    -put\led.obj)

line level    source

   1          #include "led.h"
   2          
   3          void led_on( void )
   4          {
   5   1          LED1 = LED2 = LED3 = 1;
   6   1          LED4 = LED5 = LED6 = 1;
   7   1      }
   8          
   9          void led_off( void )
  10          {
  11   1          LED1 = LED2 = LED3 = 0;
  12   1          LED4 = LED6 = 0;
  13   1      }


MODULE INFORMATION:   STATIC OVERLAYABLE
   CODE SIZE        =     24    ----
   CONSTANT SIZE    =   ----    ----
   XDATA SIZE       =   ----    ----
   PDATA SIZE       =   ----    ----
   DATA SIZE        =   ----    ----
   IDATA SIZE       =   ----    ----
   BIT SIZE         =   ----    ----
END OF MODULE INFORMATION.


C51 COMPILATION COMPLETE.  0 WARNING(S),  0 ERROR(S)
