C51 COMPILER V9.60.7.0   MAIN                                                              11/29/2024 16:35:19 PAGE 1   


C51 COMPILER V9.60.7.0, COMPILATION OF MODULE MAIN
OBJECT MODULE PLACED IN ..\Output\main.obj
COMPILER INVOKED BY: D:\APP\Keil_v5\C51\BIN\C51.EXE ..\Core\Src\main.c LARGE OPTIMIZE(8,SPEED) BROWSE INCDIR(..\Drivers;
                    -..\BSP\Inc;..\Core\Inc;..\Emembed\Inc;..\Middlewares;..\SYSTEM) DEBUG OBJECTEXTEND PRINT(.\Listings\main.lst) OBJECT(..\
                    -Output\main.obj)

line level    source

   1          #include "main.h"
   2          
   3          void main( void )
   4          {
   5   1          P_SW2 |= 0x80;
   6   1          GPIOInit();
   7   1          ADCInit();
   8   1          Uart1Init();
   9   1          Tim0Init();
  10   1          Tim1Init();
  11   1          Tim3Init();
  12   1          ET0Init();
  13   1          PWM5Init(); 
  14   1          led_on();    
*** WARNING C206 IN LINE 14 OF ..\Core\Src\main.c: 'led_on': missing function-prototype
  15   1          lcd_init();  
*** WARNING C206 IN LINE 15 OF ..\Core\Src\main.c: 'lcd_init': missing function-prototype
  16   1          ISP_data_init();
*** WARNING C206 IN LINE 16 OF ..\Core\Src\main.c: 'ISP_data_init': missing function-prototype
  17   1          EA = 1;
  18   1      
  19   1          printf("======== code start ========\r\n");  
  20   1          while (1)
  21   1          {
  22   2              /* code */
  23   2          }
  24   1          
  25   1      }


MODULE INFORMATION:   STATIC OVERLAYABLE
   CODE SIZE        =     49    ----
   CONSTANT SIZE    =     31    ----
   XDATA SIZE       =   ----    ----
   PDATA SIZE       =   ----    ----
   DATA SIZE        =   ----    ----
   IDATA SIZE       =   ----    ----
   BIT SIZE         =   ----    ----
END OF MODULE INFORMATION.


C51 COMPILATION COMPLETE.  3 WARNING(S),  0 ERROR(S)
