C51 COMPILER V9.60.7.0   POWER_CRL                                                         11/29/2024 16:35:20 PAGE 1   


C51 COMPILER V9.60.7.0, COMPILATION OF MODULE POWER_CRL
OBJECT MODULE PLACED IN ..\Output\power_crl.obj
COMPILER INVOKED BY: D:\APP\Keil_v5\C51\BIN\C51.EXE ..\Emembed\Src\power_crl.c LARGE OPTIMIZE(8,SPEED) BROWSE INCDIR(..\
                    -Drivers;..\BSP\Inc;..\Core\Inc;..\Emembed\Inc;..\Middlewares;..\SYSTEM) DEBUG OBJECTEXTEND PRINT(.\Listings\power_crl.ls
                    -t) OBJECT(..\Output\power_crl.obj)

line level    source

   1          #include "power_crl.h"
   2          
   3          bit power_bit = 0;
   4          
   5          void power_crl( uint8_t power_num )
   6          { 
   7   1          if(power_bit==1)
   8   1          {
   9   2              ET1 = 1;
  10   2          }
  11   1          else
  12   1          {
  13   2              ET1 = 0;
  14   2          }
  15   1          
  16   1          phase_shift_time = power_num * 64 + 58400;
  17   1      }


MODULE INFORMATION:   STATIC OVERLAYABLE
   CODE SIZE        =     29    ----
   CONSTANT SIZE    =   ----    ----
   XDATA SIZE       =   ----    ----
   PDATA SIZE       =   ----    ----
   DATA SIZE        =   ----    ----
   IDATA SIZE       =   ----    ----
   BIT SIZE         =      1    ----
END OF MODULE INFORMATION.


C51 COMPILATION COMPLETE.  0 WARNING(S),  0 ERROR(S)
