C51 COMPILER V9.60.7.0   SERIAL_COMPORT                                                    11/29/2024 16:35:19 PAGE 1   


C51 COMPILER V9.60.7.0, COMPILATION OF MODULE SERIAL_COMPORT
OBJECT MODULE PLACED IN ..\Output\serial_comport.obj
COMPILER INVOKED BY: D:\APP\Keil_v5\C51\BIN\C51.EXE ..\BSP\Src\serial_comport.c LARGE OPTIMIZE(8,SPEED) BROWSE INCDIR(..
                    -\Drivers;..\BSP\Inc;..\Core\Inc;..\Emembed\Inc;..\Middlewares;..\SYSTEM) DEBUG OBJECTEXTEND PRINT(.\Listings\serial_comp
                    -ort.lst) OBJECT(..\Output\serial_comport.obj)

line level    source

   1          #include "uart.h"
   2          #include "serial_comport.h"
   3          
   4          bit busy_flag = 0;          //等待接收标志位
   5          
   6          void Uart1Sendbyte( uint8_t dat )
   7          {
   8   1          while(busy_bit);
*** ERROR C202 IN LINE 8 OF ..\BSP\Src\serial_comport.c: 'busy_bit': undefined identifier
   9   1          busy_flag = 1;
  10   1          SBUF = dat;
  11   1      }
  12          
  13          void Uart1SendStr( uint8_t *sendstr )
  14          {   
  15   1          while(*sendstr)
  16   1          {
  17   2              Uart1Sendbyte( *sendstr++ );
  18   2          }
  19   1      }
  20          
  21          char putchar( char c )  // 串口重定向需要添加头文件stdio.h
  22          {
  23   1          SBUF = c;
  24   1          while(!TI);
  25   1          TI = 0;
  26   1          return c;
  27   1      }

C51 COMPILATION COMPLETE.  0 WARNING(S),  1 ERROR(S)
