C51 COMPILER V9.60.7.0   TIMER                                                             11/29/2024 16:35:19 PAGE 1   


C51 COMPILER V9.60.7.0, COMPILATION OF MODULE TIMER
OBJECT MODULE PLACED IN ..\Output\timer.obj
COMPILER INVOKED BY: D:\APP\Keil_v5\C51\BIN\C51.EXE ..\Core\Src\timer.c LARGE OPTIMIZE(8,SPEED) BROWSE INCDIR(..\Drivers
                    -;..\BSP\Inc;..\Core\Inc;..\Emembed\Inc;..\Middlewares;..\SYSTEM) DEBUG OBJECTEXTEND PRINT(.\Listings\timer.lst) OBJECT(.
                    -.\Output\timer.obj)

line level    source

   1          #include "timer.h"
   2          
   3          void Tim0Init( void )         //11.0592Mhz  10ms
   4          {
   5   1          AUXR &= 0x7F;                       //定时器时钟12T模式
   6   1              TMOD &= 0xF0;                   //设置定时器模式
   7   1      
   8   1              TL0 = 0x00;                             //设置定时初始值
   9   1              TH0 = 0xDC;                             //设置定时初始值
  10   1      
  11   1              TF0 = 0;                                //清除TF0标志
  12   1              TR0 = 1;                                //定时器0开始计时
  13   1      
  14   1              ET0 = 1;            //打开IE-ET0，TIM0中断
  15   1      }
  16          
  17          void Tim1Init( void )            //11.0592Mhz  10ms  16位手动装载
  18          {   
  19   1              AUXR &= 0xBF;                //定时器时钟12T模式
  20   1              TMOD &= 0x0F;                //设置定时器模式
  21   1              TMOD |= 0x10;                //设置定时器模式   手动/自动开关
  22   1      }
  23          
  24          void Tim3Init( void )            //10毫秒@11.0592MHz
  25          {
  26   1              T4T3M &= 0xFD;               //定时器时钟12T模式
  27   1              T3L = 0x00;                  //设置定时初始值
  28   1              T3H = 0xDC;                  //设置定时初始值
  29   1              T4T3M |= 0x08;              //定时器3开始计时
  30   1          
  31   1          IE2 |= 0x20;                //打开IE2-ET2，TIM3中断
  32   1      }
  33          
  34          void ET0Init( void )
  35          {
  36   1          IT0 = 1;   //下降沿触发过零检测信号
  37   1          EX0 = 1;
  38   1      }
  39          


MODULE INFORMATION:   STATIC OVERLAYABLE
   CODE SIZE        =     50    ----
   CONSTANT SIZE    =   ----    ----
   XDATA SIZE       =   ----    ----
   PDATA SIZE       =   ----    ----
   DATA SIZE        =   ----    ----
   IDATA SIZE       =   ----    ----
   BIT SIZE         =   ----    ----
END OF MODULE INFORMATION.


C51 COMPILATION COMPLETE.  0 WARNING(S),  0 ERROR(S)
