C51 COMPILER V9.60.7.0   WIND_CRL                                                          11/29/2024 16:35:20 PAGE 1   


C51 COMPILER V9.60.7.0, COMPILATION OF MODULE WIND_CRL
OBJECT MODULE PLACED IN ..\Output\wind_crl.obj
COMPILER INVOKED BY: D:\APP\Keil_v5\C51\BIN\C51.EXE ..\Emembed\Src\wind_crl.c LARGE OPTIMIZE(8,SPEED) BROWSE INCDIR(..\D
                    -rivers;..\BSP\Inc;..\Core\Inc;..\Emembed\Inc;..\Middlewares;..\SYSTEM) DEBUG OBJECTEXTEND PRINT(.\Listings\wind_crl.lst)
                    - OBJECT(..\Output\wind_crl.obj)

line level    source

   1          #include "wind_crl.h"
   2          
   3          bit wind_bit = 0;
   4          
   5          void wind_crl( uint8_t wind_num )
   6          {
   7   1          if(wind_bit == 1)       
   8   1          {
   9   2              switch(wind_num)
  10   2              {
  11   3                  case 0:
  12   3                      PWMStop();
*** WARNING C206 IN LINE 12 OF ..\Emembed\Src\wind_crl.c: 'PWMStop': missing function-prototype
  13   3                      break;
  14   3                  
  15   3                  case 1:
  16   3                      PWMSet(2000);
  17   3                      break;
  18   3                  
  19   3                  case 2:
  20   3                      PWMSet(2400);
  21   3                      break;
  22   3                  
  23   3                  case 3:
  24   3                      PWMSet(2800);
  25   3                      break;
  26   3                  
  27   3                  case 4:
  28   3                      PWMSet(3200);
  29   3                      break;
  30   3                  
  31   3                  case 5:
  32   3                      PWMSet(3600);
  33   3                      break;
  34   3                  
  35   3                  case 6:
  36   3                      PWMSet(4000);
  37   3                      break;
  38   3              }
  39   2              
  40   2          } else {
  41   2              PWMStop();
  42   2          }
  43   1      }


MODULE INFORMATION:   STATIC OVERLAYABLE
   CODE SIZE        =     80    ----
   CONSTANT SIZE    =   ----    ----
   XDATA SIZE       =   ----    ----
   PDATA SIZE       =   ----    ----
   DATA SIZE        =   ----    ----
   IDATA SIZE       =   ----    ----
C51 COMPILER V9.60.7.0   WIND_CRL                                                          11/29/2024 16:35:20 PAGE 2   

   BIT SIZE         =      1    ----
END OF MODULE INFORMATION.


C51 COMPILATION COMPLETE.  1 WARNING(S),  0 ERROR(S)
